./scripts/
./scripts/slave/
./scripts/slave/dump.sh
./scripts/slave/jconsole-cli.sh
./scripts/slave/shutdown-slave.sh
./scripts/slave/shutdown.sh
./scripts/slave/tail.sh
./scripts/slave/jdr.sh
./scripts/slave/jboss-cli.sh
./scripts/slave/kill.sh
./scripts/slave/start.sh
./scripts/slave/jconsole.sh
./scripts/slave/env.sh
./scripts/slave/nohup.sh
./scripts/slave/add-user.sh
./scripts/slave/status.sh
./scripts/master/
./scripts/master/dump.sh
./scripts/master/jconsole-cli.sh
./scripts/master/shutdown.sh
./scripts/master/tail.sh
./scripts/master/jdr.sh
./scripts/master/jboss-cli.sh
./scripts/master/kill.sh
./scripts/master/start.sh
./scripts/master/jconsole.sh
./scripts/master/env.sh
./scripts/master/nohup.sh
./scripts/master/add-user.sh
./scripts/master/status.sh
./scripts/standalone/
./scripts/standalone/dump.sh
./scripts/standalone/shutdown.sh
./scripts/standalone/tail.sh
./scripts/standalone/jdr.sh
./scripts/standalone/jboss-cli.sh
./scripts/standalone/env.properties
./scripts/standalone/kill.sh
./scripts/standalone/start.sh
./scripts/standalone/jconsole.sh
./scripts/standalone/env.sh
./scripts/standalone/nohup.sh
./scripts/standalone/add-user.sh
./scripts/standalone/status.sh
